<?xml version="1.0" encoding="UTF-8"?>
<testsuite xmlns:xsi="http://www.w3.org/2001/XMLSchema-instance" xsi:noNamespaceSchemaLocation="https://maven.apache.org/surefire/maven-surefire-plugin/xsd/surefire-test-report-3.0.xsd" version="3.0" name="com.automat.demo.TableServiceTest" time="10.31" tests="1" errors="0" skipped="0" failures="0">
  <properties>
[...]
</properties>
  <testcase name="testGetSumConsumption" classname="com.automat.demo.TableServiceTest" time="1.4">
    <system-out><![CDATA[18:48:43.471 [main] INFO org.springframework.test.context.support.AnnotationConfigContextLoaderUtils -- Could not detect default configuration classes for test class [com.automat.demo.TableServiceTest]: TableServiceTest does not declare any static, non-private, non-final, nested classes annotated with @Configuration.
18:48:43.695 [main] INFO org.springframework.boot.test.context.SpringBootTestContextBootstrapper -- Found @SpringBootConfiguration com.automat.demo.DemoApplication for test class com.automat.demo.TableServiceTest

  .   ____          _            __ _ _
 /\\ / ___'_ __ _ _(_)_ __  __ _ \ \ \ \
( ( )\___ | '_ | '_| | '_ \/ _` | \ \ \ \
 \\/  ___)| |_)| | | | | || (_| |  ) ) ) )
  '  |____| .__|_| |_|_| |_\__, | / / / /
 =========|_|==============|___/=/_/_/_/
 :: Spring Boot ::                (v3.1.1)

2023-11-26T18:48:44.330+01:00  INFO 9884 --- [           main] com.automat.demo.TableServiceTest        : Starting TableServiceTest using Java 18.0.2.1 with PID 9884 (started by sbof in C:\Users\sbof\demo)
2023-11-26T18:48:44.333+01:00  INFO 9884 --- [           main] com.automat.demo.TableServiceTest        : No active profile set, falling back to 1 default profile: "default"
2023-11-26T18:48:46.277+01:00  INFO 9884 --- [           main] .s.d.r.c.RepositoryConfigurationDelegate : Multiple Spring Data modules found, entering strict repository configuration mode
2023-11-26T18:48:46.279+01:00  INFO 9884 --- [           main] .s.d.r.c.RepositoryConfigurationDelegate : Bootstrapping Spring Data JDBC repositories in DEFAULT mode.
2023-11-26T18:48:46.304+01:00  INFO 9884 --- [           main] .s.d.r.c.RepositoryConfigurationDelegate : Finished Spring Data repository scanning in 17 ms. Found 0 JDBC repository interfaces.
2023-11-26T18:48:46.320+01:00  INFO 9884 --- [           main] .s.d.r.c.RepositoryConfigurationDelegate : Multiple Spring Data modules found, entering strict repository configuration mode
2023-11-26T18:48:46.322+01:00  INFO 9884 --- [           main] .s.d.r.c.RepositoryConfigurationDelegate : Bootstrapping Spring Data JPA repositories in DEFAULT mode.
2023-11-26T18:48:46.330+01:00  INFO 9884 --- [           main] .s.d.r.c.RepositoryConfigurationDelegate : Finished Spring Data repository scanning in 2 ms. Found 0 JPA repository interfaces.
2023-11-26T18:48:46.944+01:00  INFO 9884 --- [           main] com.zaxxer.hikari.HikariDataSource       : HikariPool-1 - Starting...
2023-11-26T18:48:47.558+01:00  INFO 9884 --- [           main] com.zaxxer.hikari.pool.HikariPool        : HikariPool-1 - Added connection com.mysql.cj.jdbc.ConnectionImpl@415d88de
2023-11-26T18:48:47.561+01:00  INFO 9884 --- [           main] com.zaxxer.hikari.HikariDataSource       : HikariPool-1 - Start completed.
2023-11-26T18:48:47.875+01:00  INFO 9884 --- [           main] o.hibernate.jpa.internal.util.LogHelper  : HHH000204: Processing PersistenceUnitInfo [name: default]
2023-11-26T18:48:48.112+01:00  INFO 9884 --- [           main] org.hibernate.Version                    : HHH000412: Hibernate ORM core version 6.2.5.Final
2023-11-26T18:48:48.115+01:00  INFO 9884 --- [           main] org.hibernate.cfg.Environment            : HHH000406: Using bytecode reflection optimizer
2023-11-26T18:48:48.424+01:00  INFO 9884 --- [           main] o.h.b.i.BytecodeProviderInitiator        : HHH000021: Bytecode provider name : bytebuddy
2023-11-26T18:48:48.657+01:00  INFO 9884 --- [           main] o.s.o.j.p.SpringPersistenceUnitInfo      : No LoadTimeWeaver setup: ignoring JPA class transformer
2023-11-26T18:48:49.035+01:00  INFO 9884 --- [           main] o.h.b.i.BytecodeProviderInitiator        : HHH000021: Bytecode provider name : bytebuddy
2023-11-26T18:48:49.620+01:00  INFO 9884 --- [           main] o.h.e.t.j.p.i.JtaPlatformInitiator       : HHH000490: Using JtaPlatform implementation: [org.hibernate.engine.transaction.jta.platform.internal.NoJtaPlatform]
2023-11-26T18:48:49.628+01:00  INFO 9884 --- [           main] j.LocalContainerEntityManagerFactoryBean : Initialized JPA EntityManagerFactory for persistence unit 'default'
2023-11-26T18:48:50.123+01:00  WARN 9884 --- [           main] JpaBaseConfiguration$JpaWebConfiguration : spring.jpa.open-in-view is enabled by default. Therefore, database queries may be performed during view rendering. Explicitly configure spring.jpa.open-in-view to disable this warning
2023-11-26T18:48:51.745+01:00  INFO 9884 --- [           main] org.quartz.impl.StdSchedulerFactory      : Using default implementation for ThreadExecutor
2023-11-26T18:48:51.774+01:00  INFO 9884 --- [           main] org.quartz.core.SchedulerSignalerImpl    : Initialized Scheduler Signaller of type: class org.quartz.core.SchedulerSignalerImpl
2023-11-26T18:48:51.774+01:00  INFO 9884 --- [           main] org.quartz.core.QuartzScheduler          : Quartz Scheduler v.2.3.2 created.
2023-11-26T18:48:51.776+01:00  INFO 9884 --- [           main] org.quartz.simpl.RAMJobStore             : RAMJobStore initialized.
2023-11-26T18:48:51.777+01:00  INFO 9884 --- [           main] org.quartz.core.QuartzScheduler          : Scheduler meta-data: Quartz Scheduler (v2.3.2) 'quartzScheduler' with instanceId 'NON_CLUSTERED'
  Scheduler class: 'org.quartz.core.QuartzScheduler' - running locally.
  NOT STARTED.
  Currently in standby mode.
  Number of jobs executed: 0
  Using thread pool 'org.quartz.simpl.SimpleThreadPool' - with 10 threads.
  Using job-store 'org.quartz.simpl.RAMJobStore' - which does not support persistence. and is not clustered.

2023-11-26T18:48:51.777+01:00  INFO 9884 --- [           main] org.quartz.impl.StdSchedulerFactory      : Quartz scheduler 'quartzScheduler' initialized from an externally provided properties instance.
2023-11-26T18:48:51.777+01:00  INFO 9884 --- [           main] org.quartz.impl.StdSchedulerFactory      : Quartz scheduler version: 2.3.2
2023-11-26T18:48:51.778+01:00  INFO 9884 --- [           main] org.quartz.core.QuartzScheduler          : JobFactory set to: org.springframework.scheduling.quartz.SpringBeanJobFactory@746f8520
2023-11-26T18:48:51.908+01:00  INFO 9884 --- [           main] o.s.b.t.m.w.SpringBootMockServletContext : Initializing Spring TestDispatcherServlet ''
2023-11-26T18:48:51.908+01:00  INFO 9884 --- [           main] o.s.t.web.servlet.TestDispatcherServlet  : Initializing Servlet ''
2023-11-26T18:48:51.913+01:00  INFO 9884 --- [           main] o.s.t.web.servlet.TestDispatcherServlet  : Completed initialization in 2 ms
2023-11-26T18:48:51.934+01:00  INFO 9884 --- [           main] o.s.s.quartz.SchedulerFactoryBean        : Starting Quartz Scheduler now
2023-11-26T18:48:51.935+01:00  INFO 9884 --- [           main] org.quartz.core.QuartzScheduler          : Scheduler quartzScheduler_$_NON_CLUSTERED started.
Percent of natural gas in Germany:0.545596942987389
Percent of natural gas in China:0.454403057012611
Percent of other sources in Germany:0.0
2023-11-26T18:48:52.008+01:00  INFO 9884 --- [           main] com.automat.demo.TableServiceTest        : Started TableServiceTest in 8.076 seconds (process running for 10.019)
Percent of other sources in China:0.0
Percent of oil in Germany:0.37900483553064346
Percent of oil in China:0.6209951644693567
Percent of biogas in Germany:0.23040065926506723
Percent of biogas in China:0.7695993407349329
Percent of natural gas in Germany:0.545596942987389
Percent of natural gas in China:0.454403057012611
Percent of other sources in Germany:0.0
Percent of other sources in China:0.0
Percent of oil in Germany:0.37900483553064346
Percent of oil in China:0.6209951644693567
Percent of biogas in Germany:0.23040065926506723
Percent of biogas in China:0.7695993407349329

MockHttpServletRequest:
      HTTP Method = GET
      Request URI = /str
       Parameters = {}
          Headers = []
             Body = null
    Session Attrs = {}

Handler:
             Type = com.automat.demo.controller.AutofillJob
           Method = com.automat.demo.controller.AutofillJob#str()

Async:
    Async started = false
     Async result = null

Resolved Exception:
             Type = null

ModelAndView:
        View name = null
             View = null
            Model = null

FlashMap:
       Attributes = null

MockHttpServletResponse:
           Status = 200
    Error message = null
          Headers = [Content-Type:"text/plain;charset=UTF-8", Content-Length:"11"]
     Content type = text/plain;charset=UTF-8
             Body = Skalamotors
    Forwarded URL = null
   Redirected URL = null
          Cookies = []
]]></system-out>
  </testcase>
</testsuite>